Resolving remote host '10.122.24.236'... Done.
------------------------------ Scenario Screen -------- [1-9]: Change Screen --
  Call rate (length)   Port   Total-time  Total-calls  Remote-host
  10.0(0 ms)/1.000s   6061      31.66 s            1  10.122.24.236:5060(UDP)

  Call limit 1 hit, 0.0 s period          0 ms scheduler resolution            
  0 calls (limit 30)                      Peak was 1 calls, after 0 s
  0 Running, 2 Paused, 8 Woken up
  0 dead call msg (discarded)             0 out-of-call msg (discarded)
  0 open sockets                          0/0/0 UDP errors (send/recv/cong)
  0 open sockets                          0/0/0 UDP errors (send/recv/cong)

                                 Messages  Retrans   Timeout   Unexpected-Msg
0 :      INVITE ---------->         1         5         1                      
1 :         100 <----------         0         0         0         0            
2 :         180 <----------         0         0         0         0            
3 :         200 <----------  E-RTD1 0         0         0         0            
4 :         ACK ---------->         0         0                                
5 :       Pause [   1000ms]         0                             0        
6 :         BYE ---------->         0         0         0                      
7 :         200 <----------         0         0         0         0            

------------------------------ Test Terminated --------------------------------
----------------------------- Statistics Screen ------- [1-9]: Change Screen --
  Start Time             | 2023-07-31	16:37:56.815579	1690821476.815579         
  Last Reset Time        | 2023-07-31	16:38:28.474951	1690821508.474951         
  Current Time           | 2023-07-31	16:38:28.475328	1690821508.475328         
-------------------------+---------------------------+--------------------------
  Counter Name           | Periodic value            | Cumulative value
-------------------------+---------------------------+--------------------------
  Elapsed Time           | 00:00:00:000000           | 00:00:00:000000          
  Call Rate              |    0.000 cps              |    0.032 cps             2023-07-31	16:38:28.473670	1690821508.473670: Aborting call on UDP retransmission timeout for Call-ID '1-16205@172.23.219.81'

-------------------------+---------------------------+--------------------------
  Incoming calls created |        0                  |        0                 
  Outgoing calls created |        0                  |        1                 
  Total Calls created    |                           |        1                 
  Current Calls          |        0                  |                          
-------------------------+---------------------------+--------------------------
  Successful call        |        0                  |        0                 
  Failed call            |        0                  |        1                 
-------------------------+---------------------------+--------------------------
  Response Time 1        | 00:00:00:000000           | 00:00:00:000000          
  Call Length            | 00:00:00:000000           | 00:00:00:000000          
------------------------------ Test Terminated --------------------------------
