Resolving remote host '10.122.24.236'... Done.
------------------------------ Scenario Screen -------- [1-9]: Change Screen --
  Call rate (length)   Port   Total-time  Total-calls  Remote-host
  10.0(0 ms)/1.000s   6061       2.21 s            1  10.122.24.236:5060(UDP)

  Call limit 1 hit, 0.0 s period          0 ms scheduler resolution            
  0 calls (limit 30)                      Peak was 1 calls, after 0 s
  0 Running, 3 Paused, 10 Woken up
  0 dead call msg (discarded)             0 out-of-call msg (discarded)
  0 open sockets                          0/0/0 UDP errors (send/recv/cong)
  0 open sockets                          0/0/0 UDP errors (send/recv/cong)

                                 Messages  Retrans   Timeout   Unexpected-Msg
0 :      INVITE ---------->         1         0         0                      
1 :         100 <----------         1         0         0         0            
2 :         180 <----------         1         0         0         0            
3 :         183 <----------         0         0         0         0            
4 :         200 <----------  E-RTD1 1         0         0         0            
5 :         ACK ---------->         1         0                                
6 :       Pause [   1000ms]         1                             0        
7 :         BYE ---------->         1         0         0                      
8 :         200 <----------         1         0         0         0            

------------------------------ Test Terminated --------------------------------
----------------------------- Statistics Screen ------- [1-9]: Change Screen --
  Start Time             | 2023-08-01	15:04:33.402379	1690902273.402379         
  Last Reset Time        | 2023-08-01	15:04:35.615002	1690902275.615002         
  Current Time           | 2023-08-01	15:04:35.615289	1690902275.615289         
-------------------------+---------------------------+--------------------------
  Counter Name           | Periodic value            | Cumulative value
-------------------------+---------------------------+--------------------------
  Elapsed Time           | 00:00:00:000000           | 00:00:00:000000          
  Call Rate              |    0.000 cps              |    0.452 cps             
-------------------------+---------------------------+--------------------------
  Incoming calls created |        0                  |        0                 
  Outgoing calls created |        0                  |        1                 
  Total Calls created    |                           |        1                 
  Current Calls          |        0                  |                          
-------------------------+---------------------------+--------------------------
  Successful call        |        0                  |        1                 
  Failed call            |        0                  |        0                 
-------------------------+---------------------------+--------------------------
  Response Time 1        | 00:00:00:000000           | 00:00:00:000000          
  Call Length            | 00:00:00:000000           | 00:00:00:000000          
------------------------------ Test Terminated --------------------------------
