Resolving remote host '10.122.24.236'... Done.
------------------------------ Scenario Screen -------- [1-9]: Change Screen --
  Port   Total-time  Total-calls  Transport
  6062       3.06 s            0  TCP

  0 new calls during 0.030 s period       1 ms scheduler resolution            
  0 calls                                 Peak was 0 calls, after 0 s
  0 Running, 2 Paused, 6 Woken up
  0 dead call msg (discarded)           
  3 open sockets                          0/0/0 TCP errors (send/recv/cong)
  0 Total RTP pckts sent                  0.000 last period RTP rate (kB/s)

                                 Messages  Retrans   Timeout   Unexpected-Msg
0 :  ----------> INVITE             0         0         0         0            

1 :  <---------- 180                0         0                                
2 :  <---------- 200                0         0         0                      
3 :  ----------> ACK         E-RTD1 0         0         0         0            

4 :  ----------> BYE                0         0         0         0            
5 :  <---------- 200                0         0                                
6 :  [   4000ms] Pause              0                             0        
------------------------------ Test Terminated --------------------------------
----------------------------- Statistics Screen ------- [1-9]: Change Screen --
  Start Time             | 2023-08-05	06:33:40.786850	1691217220.786850         
  Last Reset Time        | 2023-08-05	06:33:43.809461	1691217223.809461         
  Current Time           | 2023-08-05	06:33:43.845022	1691217223.845022         
-------------------------+---------------------------+--------------------------
  Counter Name           | Periodic value            | Cumulative value
-------------------------+---------------------------+--------------------------
  Elapsed Time           | 00:00:00:035000           | 00:00:00:035000          
  Call Rate              |    0.000 cps              |    0.000 cps             
-------------------------+---------------------------+--------------------------
  Incoming calls created |        0                  |        0                 
  Outgoing calls created |        0                  |        0                 
  Total Calls created    |                           |        0                 
  Current Calls          |        0                  |                          
-------------------------+---------------------------+--------------------------
  Successful call        |        0                  |        0                 
  Failed call            |        0                  |        0                 
-------------------------+---------------------------+--------------------------
  Response Time 1        | 00:00:00:000000           | 00:00:00:000000          
  Call Length            | 00:00:00:000000           | 00:00:00:000000          
------------------------------ Test Terminated --------------------------------
