------------------------------ Scenario Screen -------- [1-9]: Change Screen --
  Port   Total-time  Total-calls  Transport
  6062       1.51 s            0  TCP

  0 new calls during 0.500 s period       1 ms scheduler resolution            
  0 calls                                 Peak was 0 calls, after 0 s
  0 Running, 2 Paused, 4 Woken up
  0 dead call msg (discarded)           
  3 open sockets                          0/0/0 TCP errors (send/recv/cong)
  0 Total RTP pckts sent                  0.000 last period RTP rate (kB/s)

                                 Messages  Retrans   Timeout   Unexpected-Msg
0 :  ----------> INVITE             0         0         0         0            

1 :  <---------- 180                0         0                                
2 :  <---------- 200                0         0         0                      
3 :  ----------> ACK         E-RTD1 0         0         0         0            

4 :  ----------> BYE                0         0         0         0            
5 :  <---------- 200                0         0                                
6 :  [   4000ms] Pause              0                             0        
------------------------------ SIPp Server Mode -------------------------------
----------------------------- Statistics Screen ------- [1-9]: Change Screen --
  Start Time             | 2023-08-01	16:06:17.294355	1690905977.294355         
  Last Reset Time        | 2023-08-01	16:06:18.302409	1690905978.302409         
  Current Time           | 2023-08-01	16:06:18.810471	1690905978.810471         
-------------------------+---------------------------+--------------------------
  Counter Name           | Periodic value            | Cumulative value
-------------------------+---------------------------+--------------------------
  Elapsed Time           | 00:00:00:508000           | 00:00:00:508000          
  Call Rate              |    0.000 cps              |    0.000 cps             
-------------------------+---------------------------+--------------------------
  Incoming calls created |        0                  |        0                 
  Outgoing calls created |        0                  |        0                 
  Total Calls created    |                           |        0                 
  Current Calls          |        0                  |                          
-------------------------+---------------------------+--------------------------
  Successful call        |        0                  |        0                 
  Failed call            |        0                  |        0                 
-------------------------+---------------------------+--------------------------
  Response Time 1        | 00:00:00:000000           | 00:00:00:000000          
  Call Length            | 00:00:00:000000           | 00:00:00:000000          
------------------------------ SIPp Server Mode -------------------------------
---------------------------- Repartition Screen ------- [1-9]: Change Screen --
  Average Response Time Repartition 1                                          
             0 ms <= n <         10 ms :          0
            10 ms <= n <         20 ms :          0
            20 ms <= n <         30 ms :          0
            30 ms <= n <         40 ms :          0
            40 ms <= n <         50 ms :          0
            50 ms <= n <        100 ms :          0
           100 ms <= n <        150 ms :          0
           150 ms <= n <        200 ms :          0
                   n >=        200 ms :          0
  Average Call Length Repartition                                              
             0 ms <= n <         10 ms :          0
            10 ms <= n <         50 ms :          0
            50 ms <= n <        100 ms :          0
           100 ms <= n <        500 ms :          0
           500 ms <= n <       1000 ms :          0
          1000 ms <= n <       5000 ms :          0
          5000 ms <= n <      10000 ms :          0
                   n >=      10000 ms :          0
------------------------------ SIPp Server Mode -------------------------------
