------------------------------ Scenario Screen -------- [1-9]: Change Screen --
  Port   Total-time  Total-calls  Transport
  6062     132.40 s            1  TCP

  0 new calls during 0.090 s period       1 ms scheduler resolution            
  1 calls                                 Peak was 1 calls, after 4 s
  0 Running, 3 Paused, 13 Woken up
  0 dead call msg (discarded)           
  4 open sockets                          0/0/0 TCP errors (send/recv/cong)
  0 Total RTP pckts sent                  0.000 last period RTP rate (kB/s)

                                 Messages  Retrans   Timeout   Unexpected-Msg
0 :  ----------> INVITE             1         0         0         0            

1 :  <---------- 180                1         0                                
2 :  <---------- 200                1         0         0                      
3 :  ----------> ACK         E-RTD1 0         0         0         0            

4 :  ----------> BYE                0         0         0         0            
5 :  <---------- 200                0         0                                
6 :  [   4000ms] Pause              0                             0        
------------------------------ SIPp Server Mode -------------------------------
----------------------------- Statistics Screen ------- [1-9]: Change Screen --
  Start Time             | 2023-08-01	14:59:49.535387	1690901989.535387         
  Last Reset Time        | 2023-08-01	15:02:01.845680	1690902121.845680         
  Current Time           | 2023-08-01	15:02:01.943535	1690902121.943535         
-------------------------+---------------------------+--------------------------
  Counter Name           | Periodic value            | Cumulative value
-------------------------+---------------------------+--------------------------
  Elapsed Time           | 00:00:00:097000           | 00:00:00:097000          
  Call Rate              |    0.000 cps              |    0.008 cps             
-------------------------+---------------------------+--------------------------
  Incoming calls created |        0                  |        1                 
  Outgoing calls created |        0                  |        0                 
  Total Calls created    |                           |        1                 
  Current Calls          |        1                  |                          
-------------------------+---------------------------+--------------------------
  Successful call        |        0                  |        0                 
  Failed call            |        0                  |        0                 
-------------------------+---------------------------+--------------------------
  Response Time 1        | 00:00:00:000000           | 00:00:00:000000          
  Call Length            | 00:00:00:000000           | 00:00:00:000000          
------------------------------ SIPp Server Mode -------------------------------
---------------------------- Repartition Screen ------- [1-9]: Change Screen --
  Average Response Time Repartition 1                                          
             0 ms <= n <         10 ms :          0
            10 ms <= n <         20 ms :          0