Resolving remote host '10.122.24.236'... Done.
------------------------------ Scenario Screen -------- [1-9]: Change Screen --
  Port   Total-time  Total-calls  Transport
  6062     258.41 s            2  TCP

  0 new calls during 0.970 s period       1 ms scheduler resolution            
  1 calls                                 Peak was 2 calls, after 55 s
  0 Running, 3 Paused, 725 Woken up
  0 dead call msg (discarded)           
  4 open sockets                          0/0/0 TCP errors (send/recv/cong)
  0 Total RTP pckts sent                  0.000 last period RTP rate (kB/s)

                                 Messages  Retrans   Timeout   Unexpected-Msg
0 :  ----------> INVITE             2         0         0         0            

1 :  <---------- 180                2         0                                
2 :  <---------- 200                2         0         0                      
3 :  ----------> ACK         E-RTD1 0         0         0         0            

4 :  ----------> BYE                0         0         0         0            
5 :  <---------- 200                0         0                                
6 :  [   4000ms] Pause              0                             0        
------------------------------ Test Terminated --------------------------------
----------------------------- Statistics Screen ------- [1-9]: Change Screen --
  Start Time             | 2023-08-02	01:20:35.918981	1690939235.918981         
  Last Reset Time        | 2023-08-02	01:24:53.369830	1690939493.369830         
  Current Time           | 2023-08-02	01:24:54.340853	1690939494.340853         
-------------------------+---------------------------+--------------------------
  Counter Name           | Periodic value            | Cumulative value
-------------------------+---------------------------+--------------------------
  Elapsed Time           | 00:00:00:971000           | 00:00:00:971000          
  Call Rate              |    0.000 cps              |    0.008 cps             
-------------------------+---------------------------+--------------------------
  Incoming calls created |        0                  |        2                 
  Outgoing calls created |        0                  |        0                 
  Total Calls created    |                           |        2                 
  Current Calls          |        1                  |                          
-------------------------+---------------------------+--------------------------
  Successful call        |        0                  |        0                 
  Failed call            |        0                  |        1                 
-------------------------+---------------------------+--------------------------
  Response Time 1        | 00:00:00:000000           | 00:00:00:000000          
  Call Length            | 00:00:00:000000           | 00:00:00:000000          
------------------------------ Test Terminated --------------------------------
