------------------------------ Scenario Screen -------- [1-9]: Change Screen --
  Port   Total-time  Total-calls  Transport
  6062     481.77 s            5  TCP

  0 new calls during 0.010 s period       0 ms scheduler resolution            
  0 calls                                 Peak was 1 calls, after 2 s
  0 Running, 3 Paused, 12 Woken up
  0 dead call msg (discarded)           
  4 open sockets                          0/0/0 TCP errors (send/recv/cong)
  0 Total RTP pckts sent                  0.000 last period RTP rate (kB/s)

                                 Messages  Retrans   Timeout   Unexpected-Msg
0 :  ----------> INVITE             5         0         0         0            

1 :  <---------- 180                5         0                                
2 :  <---------- 200                5         0         0                      
3 :  ----------> ACK         E-RTD1 5         0         0         0            

4 :  ----------> BYE                5         0         0         0            
5 :  <---------- 200                5         0                                
6 :  [   4000ms] Pause              5                             0        
------------------------------ SIPp Server Mode -------------------------------
----------------------------- Statistics Screen ------- [1-9]: Change Screen --
  Start Time             | 2023-08-02	00:21:16.770577	1690935676.770577         
  Last Reset Time        | 2023-08-02	00:29:18.530954	1690936158.530954         
  Current Time           | 2023-08-02	00:29:18.548827	1690936158.548827         
-------------------------+---------------------------+--------------------------
  Counter Name           | Periodic value            | Cumulative value
-------------------------+---------------------------+--------------------------
  Elapsed Time           | 00:00:00:017000           | 00:00:00:017000          
  Call Rate              |    0.000 cps              |    0.010 cps             
-------------------------+---------------------------+--------------------------
  Incoming calls created |        0                  |        5                 
  Outgoing calls created |        0                  |        0                 
  Total Calls created    |                           |        5                 
  Current Calls          |        0                  |                          
-------------------------+---------------------------+--------------------------
  Successful call        |        0                  |        5                 
  Failed call            |        0                  |        0                 
-------------------------+---------------------------+--------------------------
  Response Time 1        | 00:00:00:000000           | 00:00:00:000000          
  Call Length            | 00:00:00:000000           | 00:00:00:000000          
------------------------------ SIPp Server Mode -------------------------------
---------------------------- Repartition Screen ------- [1-9]: Change Screen --
  Average Response Time Repartition 1                                          
             0 ms <= n <         10 ms :          0
            10 ms <= n <         20 ms :          0
            20 ms <= n <         30 ms :          0
            30 ms <= n <         40 ms :          0
            40 ms <= n <         50 ms :          0
            50 ms <= n <        100 ms :          0
           100 ms <= n <        150 ms :          0
           150 ms <= n <        200 ms :          0
                   n >=        200 ms :          1
  Average Call Length Repartition                                              
             0 ms <= n <         10 ms :          0
            10 ms <= n <         50 ms :          0
            50 ms <= n <        100 ms :          0
           100 ms <= n <        500 ms :          0
           500 ms <= n <       1000 ms :          0
          1000 ms <= n <       5000 ms :          0
          5000 ms <= n <      10000 ms :          0
                   n >=      10000 ms :          0
------------------------------ SIPp Server Mode -------------------------------
-
